#
# There is insufficient memory for the Java Runtime Environment to continue.
# Native memory allocation (malloc) failed to allocate 1057216 bytes for Chunk::new
# Possible reasons:
#   The system is out of physical RAM or swap space
#   In 32 bit mode, the process size limit was hit
# Possible solutions:
#   Reduce memory load on the system
#   Increase physical memory or swap space
#   Check if swap backing store is full
#   Use 64 bit Java on a 64 bit OS
#   Decrease Java heap size (-Xmx/-Xms)
#   Decrease number of Java threads
#   Decrease Java thread stack sizes (-Xss)
#   Set larger code cache with -XX:ReservedCodeCacheSize=
# This output file may be truncated or incomplete.
#
#  Out of Memory Error (allocation.cpp:390), pid=11556, tid=0x0000000000003248
#
# JRE version: OpenJDK Runtime Environment (8.0_112-b06) (build 1.8.0_112-release-b06)
# Java VM: OpenJDK 64-Bit Server VM (25.112-b06 mixed mode windows-amd64 compressed oops)
# Failed to write core dump. Minidumps are not enabled by default on client versions of Windows
#

---------------  T H R E A D  ---------------

Current thread (0x0000000016920000):  JavaThread "C2 CompilerThread1" daemon [_thread_in_native, id=12872, stack(0x0000000018060000,0x0000000018160000)]

Stack: [0x0000000018060000,0x0000000018160000]
[error occurred during error reporting (printing stack bounds), id 0xc0000005]

Native frames: (J=compiled Java code, j=interpreted, Vv=VM code, C=native code)


Current CompileTask:
C2: 130156 11809       4       com.android.dx.dex.code.OutputFinisher::addConstants (93 bytes)


---------------  P R O C E S S  ---------------

Java Threads: ( => current thread )
  0x000000001c98d000 JavaThread "pool-5-thread-1" [_thread_in_native, id=8068, stack(0x0000000022e10000,0x0000000022f10000)]
  0x000000001c989800 JavaThread "pool-4-thread-1" [_thread_blocked, id=11368, stack(0x0000000022d10000,0x0000000022e10000)]
  0x000000001c98b800 JavaThread "Cache update executor" [_thread_blocked, id=13908, stack(0x0000000022610000,0x0000000022710000)]
  0x000000001c98b000 JavaThread "Stdin handler" [_thread_blocked, id=6688, stack(0x0000000022510000,0x0000000022610000)]
  0x000000001c98e800 JavaThread "Asynchronous log dispatcher for DefaultDaemonConnection: socket connection from /127.0.0.1:56308 to /127.0.0.1:56360" [_thread_blocked, id=10420, stack(0x0000000022410000,0x0000000022510000)]
  0x000000001c98e000 JavaThread "Daemon worker Thread 2" [_thread_blocked, id=12356, stack(0x0000000022310000,0x0000000022410000)]
  0x000000001c98c800 JavaThread "Cancel handler" [_thread_blocked, id=11140, stack(0x0000000022210000,0x0000000022310000)]
  0x000000001c987000 JavaThread "Handler for socket connection from /127.0.0.1:56308 to /127.0.0.1:56360" [_thread_in_native, id=7744, stack(0x0000000022110000,0x0000000022210000)]
  0x000000001c98a000 JavaThread "Daemon Thread 2" [_thread_blocked, id=14956, stack(0x0000000022010000,0x0000000022110000)]
  0x000000001a28e800 JavaThread "pool-2-thread-1" [_thread_blocked, id=5504, stack(0x000000001d570000,0x000000001d670000)]
  0x0000000019f8f800 JavaThread "File lock request listener" [_thread_in_native, id=11736, stack(0x000000001c2a0000,0x000000001c3a0000)]
  0x0000000019826800 JavaThread "pool-1-thread-1" [_thread_blocked, id=12208, stack(0x000000001bba0000,0x000000001bca0000)]
  0x00000000192b8800 JavaThread "Incoming local TCP Connector on port 56308" [_thread_in_native, id=4036, stack(0x000000001a030000,0x000000001a130000)]
  0x000000001697d800 JavaThread "Service Thread" daemon [_thread_blocked, id=3584, stack(0x0000000018660000,0x0000000018760000)]
  0x0000000016923800 JavaThread "C1 CompilerThread2" daemon [_thread_blocked, id=3652, stack(0x0000000018160000,0x0000000018260000)]
=>0x0000000016920000 JavaThread "C2 CompilerThread1" daemon [_thread_in_native, id=12872, stack(0x0000000018060000,0x0000000018160000)]
  0x000000001691b000 JavaThread "C2 CompilerThread0" daemon [_thread_blocked, id=14540, stack(0x0000000017f60000,0x0000000018060000)]
  0x0000000016919800 JavaThread "Attach Listener" daemon [_thread_blocked, id=2396, stack(0x0000000017e60000,0x0000000017f60000)]
  0x0000000016918000 JavaThread "Signal Dispatcher" daemon [_thread_blocked, id=10572, stack(0x0000000017d60000,0x0000000017e60000)]
  0x0000000002fab800 JavaThread "Finalizer" daemon [_thread_blocked, id=13052, stack(0x0000000017b70000,0x0000000017c70000)]
  0x0000000002fa0800 JavaThread "Reference Handler" daemon [_thread_blocked, id=2952, stack(0x0000000017a70000,0x0000000017b70000)]
  0x0000000002eb1000 JavaThread "main" [_thread_blocked, id=14048, stack(0x0000000002d00000,0x0000000002e00000)]

Other Threads:
  0x00000000168e4800 VMThread [stack: 0x0000000017970000,0x0000000017a70000] [id=13788]
  0x000000001697e000 WatcherThread [stack: 0x0000000018760000,0x0000000018860000] [id=14088]

VM state:not at safepoint (normal execution)

VM Mutex/Monitor currently owned by a thread: None

Heap:
 PSYoungGen      total 206848K, used 118550K [0x00000000e0000000, 0x00000000f2180000, 0x0000000100000000)
  eden space 177664K, 61% used [0x00000000e0000000,0x00000000e6abcbf0,0x00000000ead80000)
  from space 29184K, 31% used [0x00000000ead80000,0x00000000eb688cb8,0x00000000eca00000)
  to   space 28160K, 0% used [0x00000000f0600000,0x00000000f0600000,0x00000000f2180000)
 ParOldGen       total 164352K, used 46781K [0x00000000a0000000, 0x00000000aa080000, 0x00000000e0000000)
  object space 164352K, 28% used [0x00000000a0000000,0x00000000a2daf450,0x00000000aa080000)
 Metaspace       used 66269K, capacity 68916K, committed 68992K, reserved 1110016K
  class space    used 8698K, capacity 9308K, committed 9344K, reserved 1048576K

Card table byte_map: [0x0000000012370000,0x0000000012680000] byte_map_base: 0x0000000011e70000

Marking Bits: (ParMarkBitMap*) 0x00000000700e18f0
 Begin Bits: [0x0000000012c80000, 0x0000000014480000)
 End Bits:   [0x0000000014480000, 0x0000000015c80000)

Polling page: 0x00000000014b0000

CodeCache: size=245760Kb used=34835Kb max_used=34835Kb free=210924Kb
 bounds [0x0000000002fb0000, 0x00000000051e0000, 0x0000000011fb0000]
 total_blobs=10996 nmethods=10213 adapters=695
 compilation: enabled

Compilation events (10 events):
Event: 130.087 Thread 0x0000000016923800 12015       3       com.android.dx.util.ByteArray::getBytes (39 bytes)
Event: 130.088 Thread 0x0000000016923800 nmethod 12015 0x00000000051d9290 code [0x00000000051d9420, 0x00000000051d9758]
Event: 130.088 Thread 0x0000000016923800 12006       3       com.android.dx.dex.file.AnnotationsDirectoryItem::listSize (11 bytes)
Event: 130.088 Thread 0x0000000016923800 nmethod 12006 0x00000000051d9890 code [0x00000000051d99e0, 0x00000000051d9bf0]
Event: 130.088 Thread 0x0000000016923800 12005       3       com.android.dx.dex.code.InsnFormat::write (8 bytes)
Event: 130.088 Thread 0x0000000016923800 nmethod 12005 0x00000000051d9c90 code [0x00000000051d9e00, 0x00000000051d9fa8]
Event: 130.088 Thread 0x0000000016923800 12019       3       com.android.dx.util.ByteArrayAnnotatedOutput::write (9 bytes)
Event: 130.088 Thread 0x0000000016923800 nmethod 12019 0x00000000051da090 code [0x00000000051da200, 0x00000000051da428]
Event: 130.088 Thread 0x0000000016923800 12020       3       com.android.dx.util.ByteArrayAnnotatedOutput::write (129 bytes)
Event: 130.089 Thread 0x0000000016923800 nmethod 12020 0x00000000051da510 code [0x00000000051da7a0, 0x00000000051db7a8]

GC Heap History (10 events):
Event: 12.949 GC heap before
{Heap before GC invocations=12 (full 2):
 PSYoungGen      total 139264K, used 139252K [0x00000000e0000000, 0x00000000eb500000, 0x0000000100000000)
  eden space 126976K, 100% used [0x00000000e0000000,0x00000000e7c00000,0x00000000e7c00000)
  from space 12288K, 99% used [0x00000000e7c00000,0x00000000e87fd368,0x00000000e8800000)
  to   space 15360K, 0% used [0x00000000ea600000,0x00000000ea600000,0x00000000eb500000)
 ParOldGen       total 111104K, used 21020K [0x00000000a0000000, 0x00000000a6c80000, 0x00000000e0000000)
  object space 111104K, 18% used [0x00000000a0000000,0x00000000a1487298,0x00000000a6c80000)
 Metaspace       used 50933K, capacity 52826K, committed 53120K, reserved 1095680K
  class space    used 7028K, capacity 7482K, committed 7552K, reserved 1048576K
Event: 12.994 GC heap after
Heap after GC invocations=12 (full 2):
 PSYoungGen      total 163840K, used 15343K [0x00000000e0000000, 0x00000000ec480000, 0x0000000100000000)
  eden space 148480K, 0% used [0x00000000e0000000,0x00000000e0000000,0x00000000e9100000)
  from space 15360K, 99% used [0x00000000ea600000,0x00000000eb4fbdf8,0x00000000eb500000)
  to   space 21504K, 0% used [0x00000000e9100000,0x00000000e9100000,0x00000000ea600000)
 ParOldGen       total 111104K, used 32751K [0x00000000a0000000, 0x00000000a6c80000, 0x00000000e0000000)
  object space 111104K, 29% used [0x00000000a0000000,0x00000000a1ffbc98,0x00000000a6c80000)
 Metaspace       used 50933K, capacity 52826K, committed 53120K, reserved 1095680K
  class space    used 7028K, capacity 7482K, committed 7552K, reserved 1048576K
}
Event: 21.550 GC heap before
{Heap before GC invocations=13 (full 2):
 PSYoungGen      total 163840K, used 163823K [0x00000000e0000000, 0x00000000ec480000, 0x0000000100000000)
  eden space 148480K, 100% used [0x00000000e0000000,0x00000000e9100000,0x00000000e9100000)
  from space 15360K, 99% used [0x00000000ea600000,0x00000000eb4fbdf8,0x00000000eb500000)
  to   space 21504K, 0% used [0x00000000e9100000,0x00000000e9100000,0x00000000ea600000)
 ParOldGen       total 111104K, used 32751K [0x00000000a0000000, 0x00000000a6c80000, 0x00000000e0000000)
  object space 111104K, 29% used [0x00000000a0000000,0x00000000a1ffbc98,0x00000000a6c80000)
 Metaspace       used 56443K, capacity 58856K, committed 59008K, reserved 1099776K
  class space    used 7664K, capacity 8210K, committed 8320K, reserved 1048576K
Event: 21.580 GC heap after
Heap after GC invocations=13 (full 2):
 PSYoungGen      total 169984K, used 21503K [0x00000000e0000000, 0x00000000ee400000, 0x0000000100000000)
  eden space 148480K, 0% used [0x00000000e0000000,0x00000000e0000000,0x00000000e9100000)
  from space 21504K, 99% used [0x00000000e9100000,0x00000000ea5ffe08,0x00000000ea600000)
  to   space 26624K, 0% used [0x00000000eca00000,0x00000000eca00000,0x00000000ee400000)
 ParOldGen       total 111104K, used 39116K [0x00000000a0000000, 0x00000000a6c80000, 0x00000000e0000000)
  object space 111104K, 35% used [0x00000000a0000000,0x00000000a2633070,0x00000000a6c80000)
 Metaspace       used 56443K, capacity 58856K, committed 59008K, reserved 1099776K
  class space    used 7664K, capacity 8210K, committed 8320K, reserved 1048576K
}
Event: 21.751 GC heap before
{Heap before GC invocations=14 (full 2):
 PSYoungGen      total 169984K, used 33218K [0x00000000e0000000, 0x00000000ee400000, 0x0000000100000000)
  eden space 148480K, 7% used [0x00000000e0000000,0x00000000e0b70de8,0x00000000e9100000)
  from space 21504K, 99% used [0x00000000e9100000,0x00000000ea5ffe08,0x00000000ea600000)
  to   space 26624K, 0% used [0x00000000eca00000,0x00000000eca00000,0x00000000ee400000)
 ParOldGen       total 111104K, used 39116K [0x00000000a0000000, 0x00000000a6c80000, 0x00000000e0000000)
  object space 111104K, 35% used [0x00000000a0000000,0x00000000a2633070,0x00000000a6c80000)
 Metaspace       used 56638K, capacity 58984K, committed 59096K, reserved 1099776K
  class space    used 7670K, capacity 8210K, committed 8320K, reserved 1048576K
Event: 21.775 GC heap after
Heap after GC invocations=14 (full 2):
 PSYoungGen      total 204288K, used 22591K [0x00000000e0000000, 0x00000000f0200000, 0x0000000100000000)
  eden space 177664K, 0% used [0x00000000e0000000,0x00000000e0000000,0x00000000ead80000)
  from space 26624K, 84% used [0x00000000eca00000,0x00000000ee00fe18,0x00000000ee400000)
  to   space 29184K, 0% used [0x00000000ead80000,0x00000000ead80000,0x00000000eca00000)
 ParOldGen       total 111104K, used 39124K [0x00000000a0000000, 0x00000000a6c80000, 0x00000000e0000000)
  object space 111104K, 35% used [0x00000000a0000000,0x00000000a2635070,0x00000000a6c80000)
 Metaspace       used 56638K, capacity 58984K, committed 59096K, reserved 1099776K
  class space    used 7670K, capacity 8210K, committed 8320K, reserved 1048576K
}
Event: 21.775 GC heap before
{Heap before GC invocations=15 (full 3):
 PSYoungGen      total 204288K, used 22591K [0x00000000e0000000, 0x00000000f0200000, 0x0000000100000000)
  eden space 177664K, 0% used [0x00000000e0000000,0x00000000e0000000,0x00000000ead80000)
  from space 26624K, 84% used [0x00000000eca00000,0x00000000ee00fe18,0x00000000ee400000)
  to   space 29184K, 0% used [0x00000000ead80000,0x00000000ead80000,0x00000000eca00000)
 ParOldGen       total 111104K, used 39124K [0x00000000a0000000, 0x00000000a6c80000, 0x00000000e0000000)
  object space 111104K, 35% used [0x00000000a0000000,0x00000000a2635070,0x00000000a6c80000)
 Metaspace       used 56638K, capacity 58984K, committed 59096K, reserved 1099776K
  class space    used 7670K, capacity 8210K, committed 8320K, reserved 1048576K
Event: 22.081 GC heap after
Heap after GC invocations=15 (full 3):
 PSYoungGen      total 204288K, used 0K [0x00000000e0000000, 0x00000000f0200000, 0x0000000100000000)
  eden space 177664K, 0% used [0x00000000e0000000,0x00000000e0000000,0x00000000ead80000)
  from space 26624K, 0% used [0x00000000eca00000,0x00000000eca00000,0x00000000ee400000)
  to   space 29184K, 0% used [0x00000000ead80000,0x00000000ead80000,0x00000000eca00000)
 ParOldGen       total 164352K, used 46781K [0x00000000a0000000, 0x00000000aa080000, 0x00000000e0000000)
  object space 164352K, 28% used [0x00000000a0000000,0x00000000a2daf450,0x00000000aa080000)
 Metaspace       used 56638K, capacity 58984K, committed 59096K, reserved 1099776K
  class space    used 7670K, capacity 8210K, committed 8320K, reserved 1048576K
}
Event: 123.539 GC heap before
{Heap before GC invocations=16 (full 3):
 PSYoungGen      total 204288K, used 177664K [0x00000000e0000000, 0x00000000f0200000, 0x0000000100000000)
  eden space 177664K, 100% used [0x00000000e0000000,0x00000000ead80000,0x00000000ead80000)
  from space 26624K, 0% used [0x00000000eca00000,0x00000000eca00000,0x00000000ee400000)
  to   space 29184K, 0% used [0x00000000ead80000,0x00000000ead80000,0x00000000eca00000)
 ParOldGen       total 164352K, used 46781K [0x00000000a0000000, 0x00000000aa080000, 0x00000000e0000000)
  object space 164352K, 28% used [0x00000000a0000000,0x00000000a2daf450,0x00000000aa080000)
 Metaspace       used 61861K, capacity 64492K, committed 64768K, reserved 1105920K
  class space    used 8320K, capacity 8882K, committed 8960K, reserved 1048576K
Event: 123.616 GC heap after
Heap after GC invocations=16 (full 3):
 PSYoungGen      total 206848K, used 9251K [0x00000000e0000000, 0x00000000f2180000, 0x0000000100000000)
  eden space 177664K, 0% used [0x00000000e0000000,0x00000000e0000000,0x00000000ead80000)
  from space 29184K, 31% used [0x00000000ead80000,0x00000000eb688cb8,0x00000000eca00000)
  to   space 28160K, 0% used [0x00000000f0600000,0x00000000f0600000,0x00000000f2180000)
 ParOldGen       total 164352K, used 46781K [0x00000000a0000000, 0x00000000aa080000, 0x00000000e0000000)
  object space 164352K, 28% used [0x00000000a0000000,0x00000000a2daf450,0x00000000aa080000)
 Metaspace       used 61861K, capacity 64492K, committed 64768K, reserved 1105920K
  class space    used 8320K, capacity 8882K, committed 8960K, reserved 1048576K
}

Deoptimization events (10 events):
Event: 129.200 Thread 0x000000001c990000 Uncommon trap: reason=null_assert action=make_not_entrant pc=0x000000000502a02c method=com.android.dx.dex.cf.AttributeTranslator.getSignature(Lcom/android/dx/cf/iface/AttributeList;)Lcom/android/dx/rop/annotation/Annotation; @ 8
Event: 129.247 Thread 0x000000001c98f800 Uncommon trap: reason=unstable_if action=reinterpret pc=0x00000000050a6268 method=com.android.dx.ssa.NormalSsaInsn.getLocalAssignment()Lcom/android/dx/rop/code/RegisterSpec; @ 12
Event: 129.247 Thread 0x000000001c98f800 Uncommon trap: reason=unstable_if action=reinterpret pc=0x000000000506fcb0 method=com.android.dx.ssa.NormalSsaInsn.getLocalAssignment()Lcom/android/dx/rop/code/RegisterSpec; @ 12
Event: 129.267 Thread 0x000000001c988000 Uncommon trap: reason=class_check action=maybe_recompile pc=0x000000000425e828 method=com.android.dx.rop.type.Type.equals(Ljava/lang/Object;)Z @ 8
Event: 129.267 Thread 0x000000001c988000 Uncommon trap: reason=class_check action=maybe_recompile pc=0x000000000425e828 method=com.android.dx.rop.type.Type.equals(Ljava/lang/Object;)Z @ 8
Event: 129.268 Thread 0x000000001c988000 Uncommon trap: reason=class_check action=maybe_recompile pc=0x000000000425e828 method=com.android.dx.rop.type.Type.equals(Ljava/lang/Object;)Z @ 8
Event: 129.268 Thread 0x000000001c988000 Uncommon trap: reason=class_check action=maybe_recompile pc=0x000000000425e828 method=com.android.dx.rop.type.Type.equals(Ljava/lang/Object;)Z @ 8
Event: 129.995 Thread 0x000000001c98d000 Uncommon trap: reason=unstable_if action=reinterpret pc=0x00000000051a4124 method=com.android.dx.util.ByteArrayAnnotatedOutput.writeByte(I)V @ 13
Event: 130.081 Thread 0x000000001c98d000 Uncommon trap: reason=unstable_if action=reinterpret pc=0x00000000051bd890 method=com.android.dx.util.ByteArrayAnnotatedOutput.writeUleb128(I)I @ 4
Event: 130.081 Thread 0x000000001c98d000 Uncommon trap: reason=unstable_if action=reinterpret pc=0x00000000051a702c method=com.android.dx.util.ByteArrayAnnotatedOutput.writeByte(I)V @ 13

Internal exceptions (10 events):
Event: 119.829 Thread 0x000000001c98e000 Exception <a 'sun/nio/fs/WindowsException'> (0x00000000e563d648) thrown at [C:\src\android\AOSP-openjdk\external\jetbrains\jdk\hotspot\src\share\vm\prims\jni.cpp, line 709]
Event: 119.829 Thread 0x000000001c98e000 Exception <a 'sun/nio/fs/WindowsException'> (0x00000000e563e240) thrown at [C:\src\android\AOSP-openjdk\external\jetbrains\jdk\hotspot\src\share\vm\prims\jni.cpp, line 709]
Event: 119.829 Thread 0x000000001c98e000 Exception <a 'sun/nio/fs/WindowsException'> (0x00000000e563fe80) thrown at [C:\src\android\AOSP-openjdk\external\jetbrains\jdk\hotspot\src\share\vm\prims\jni.cpp, line 709]
Event: 119.830 Thread 0x000000001c98e000 Exception <a 'sun/nio/fs/WindowsException'> (0x00000000e5640ab0) thrown at [C:\src\android\AOSP-openjdk\external\jetbrains\jdk\hotspot\src\share\vm\prims\jni.cpp, line 709]
Event: 119.830 Thread 0x000000001c98e000 Exception <a 'sun/nio/fs/WindowsException'> (0x00000000e5643760) thrown at [C:\src\android\AOSP-openjdk\external\jetbrains\jdk\hotspot\src\share\vm\prims\jni.cpp, line 709]
Event: 119.830 Thread 0x000000001c98e000 Exception <a 'sun/nio/fs/WindowsException'> (0x00000000e5644430) thrown at [C:\src\android\AOSP-openjdk\external\jetbrains\jdk\hotspot\src\share\vm\prims\jni.cpp, line 709]
Event: 119.830 Thread 0x000000001c98e000 Exception <a 'sun/nio/fs/WindowsException'> (0x00000000e5646138) thrown at [C:\src\android\AOSP-openjdk\external\jetbrains\jdk\hotspot\src\share\vm\prims\jni.cpp, line 709]
Event: 119.830 Thread 0x000000001c98e000 Exception <a 'sun/nio/fs/WindowsException'> (0x00000000e5646e48) thrown at [C:\src\android\AOSP-openjdk\external\jetbrains\jdk\hotspot\src\share\vm\prims\jni.cpp, line 709]
Event: 120.961 Thread 0x000000001c98e000 Exception <a 'java/lang/NoSuchMethodError': java.lang.Object.lambda$negate$1(Ljava/lang/Object;)Z> (0x00000000e7d1f200) thrown at [C:\src\android\AOSP-openjdk\external\jetbrains\jdk\hotspot\src\share\vm\interpreter\linkResolver.cpp, line 582]
Event: 128.062 Thread 0x000000001c98e000 Implicit null exception at 0x00000000043a17c6 to 0x00000000043a1aad

Events (10 events):
Event: 130.111 loading class com/android/dx/merge/InstructionTransformer$FieldVisitor
Event: 130.111 loading class com/android/dx/merge/InstructionTransformer$FieldVisitor done
Event: 130.111 loading class com/android/dx/merge/InstructionTransformer$MethodVisitor
Event: 130.111 loading class com/android/dx/merge/InstructionTransformer$MethodVisitor done
Event: 130.116 loading class java/util/jar/JarOutputStream
Event: 130.117 loading class java/util/jar/JarOutputStream done
Event: 130.117 loading class java/util/zip/Deflater
Event: 130.117 loading class java/util/zip/Deflater done
Event: 130.118 loading class java/util/zip/ZipOutputStream$XEntry
Event: 130.118 loading class java/util/zip/ZipOutputStream$XEntry done


Dynamic libraries:
0x00007ff7c1bf0000 - 0x00007ff7c1c21000 	C:\Program Files\Android\Android Studio\jre\bin\java.exe
0x00007ff9d2800000 - 0x00007ff9d29d2000 	C:\WINDOWS\SYSTEM32\ntdll.dll
0x00007ff9d18a0000 - 0x00007ff9d194c000 	C:\WINDOWS\System32\KERNEL32.DLL
0x00007ff9cf260000 - 0x00007ff9cf47d000 	C:\WINDOWS\System32\KERNELBASE.dll
0x00007ff9d17f0000 - 0x00007ff9d1892000 	C:\WINDOWS\System32\ADVAPI32.dll
0x00007ff9d0090000 - 0x00007ff9d012e000 	C:\WINDOWS\System32\msvcrt.dll
0x00007ff9d1790000 - 0x00007ff9d17e9000 	C:\WINDOWS\System32\sechost.dll
0x00007ff9d0140000 - 0x00007ff9d0261000 	C:\WINDOWS\System32\RPCRT4.dll
0x00007ff9d2690000 - 0x00007ff9d27f5000 	C:\WINDOWS\System32\USER32.dll
0x00007ff9ceda0000 - 0x00007ff9cedbe000 	C:\WINDOWS\System32\win32u.dll
0x00007ff9d25e0000 - 0x00007ff9d2614000 	C:\WINDOWS\System32\GDI32.dll
0x00007ff9cee70000 - 0x00007ff9ceff0000 	C:\WINDOWS\System32\gdi32full.dll
0x00007ff9c1120000 - 0x00007ff9c139a000 	C:\WINDOWS\WinSxS\amd64_microsoft.windows.common-controls_6595b64144ccf1df_6.0.14393.953_none_42151e83c686086b\COMCTL32.dll
0x00007ff9cfd90000 - 0x00007ff9d0058000 	C:\WINDOWS\System32\combase.dll
0x00007ff9ceff0000 - 0x00007ff9cf0e5000 	C:\WINDOWS\System32\ucrtbase.dll
0x00007ff9cf1a0000 - 0x00007ff9cf20a000 	C:\WINDOWS\System32\bcryptPrimitives.dll
0x00007ff9d0060000 - 0x00007ff9d008e000 	C:\WINDOWS\System32\IMM32.DLL
0x000000006f000000 - 0x000000006f0d2000 	C:\Program Files\Android\Android Studio\jre\jre\bin\msvcr100.dll
0x000000006f920000 - 0x000000007015c000 	C:\Program Files\Android\Android Studio\jre\jre\bin\server\jvm.dll
0x00007ff9d1780000 - 0x00007ff9d1788000 	C:\WINDOWS\System32\PSAPI.DLL
0x00007ff9cbf60000 - 0x00007ff9cbf69000 	C:\WINDOWS\SYSTEM32\WSOCK32.dll
0x00007ff9cc5e0000 - 0x00007ff9cc603000 	C:\WINDOWS\SYSTEM32\WINMM.dll
0x00007ff9befe0000 - 0x00007ff9befea000 	C:\WINDOWS\SYSTEM32\VERSION.dll
0x00007ff9d1f90000 - 0x00007ff9d1ffa000 	C:\WINDOWS\System32\WS2_32.dll
0x0000000001460000 - 0x000000000148b000 	C:\WINDOWS\SYSTEM32\WINMMBASE.dll
0x00007ff9cf210000 - 0x00007ff9cf252000 	C:\WINDOWS\System32\cfgmgr32.dll
0x00007ff9ccb10000 - 0x00007ff9ccb1f000 	C:\Program Files\Android\Android Studio\jre\jre\bin\verify.dll
0x00007ff9c0e90000 - 0x00007ff9c0eb9000 	C:\Program Files\Android\Android Studio\jre\jre\bin\java.dll
0x00007ff9c16f0000 - 0x00007ff9c1706000 	C:\Program Files\Android\Android Studio\jre\jre\bin\zip.dll
0x00007ff9d0270000 - 0x00007ff9d1778000 	C:\WINDOWS\System32\SHELL32.dll
0x00007ff9cf4e0000 - 0x00007ff9cfbba000 	C:\WINDOWS\System32\windows.storage.dll
0x00007ff9cecb0000 - 0x00007ff9cecfc000 	C:\WINDOWS\System32\powrprof.dll
0x00007ff9d1950000 - 0x00007ff9d19a2000 	C:\WINDOWS\System32\shlwapi.dll
0x00007ff9cec70000 - 0x00007ff9cec7f000 	C:\WINDOWS\System32\kernel.appcore.dll
0x00007ff9cf0f0000 - 0x00007ff9cf199000 	C:\WINDOWS\System32\shcore.dll
0x00007ff9cec80000 - 0x00007ff9cec94000 	C:\WINDOWS\System32\profapi.dll
0x00007ff9c0d90000 - 0x00007ff9c0daa000 	C:\Program Files\Android\Android Studio\jre\jre\bin\net.dll
0x00007ff9ce540000 - 0x00007ff9ce59c000 	C:\WINDOWS\system32\mswsock.dll
0x00007ff9c0600000 - 0x00007ff9c0611000 	C:\Program Files\Android\Android Studio\jre\jre\bin\nio.dll
0x00007ff9b7ed0000 - 0x00007ff9b7eee000 	C:\Users\Spencer\.gradle\native\23\windows-amd64\native-platform.dll
0x00007ff9ce6e0000 - 0x00007ff9ce6f7000 	C:\WINDOWS\SYSTEM32\CRYPTSP.dll
0x00007ff9ce140000 - 0x00007ff9ce173000 	C:\WINDOWS\system32\rsaenh.dll
0x00007ff9cebb0000 - 0x00007ff9cebdb000 	C:\WINDOWS\SYSTEM32\bcrypt.dll
0x00007ff9ce3c0000 - 0x00007ff9ce3df000 	C:\WINDOWS\SYSTEM32\USERENV.dll
0x00007ff9ce700000 - 0x00007ff9ce70b000 	C:\WINDOWS\SYSTEM32\CRYPTBASE.dll
0x00007ff9ce2c0000 - 0x00007ff9ce2f8000 	C:\WINDOWS\SYSTEM32\IPHLPAPI.DLL
0x00007ff9d2000000 - 0x00007ff9d2008000 	C:\WINDOWS\System32\NSI.dll
0x00007ff9c7090000 - 0x00007ff9c70a6000 	C:\WINDOWS\SYSTEM32\dhcpcsvc6.DLL
0x00007ff9c7070000 - 0x00007ff9c708a000 	C:\WINDOWS\SYSTEM32\dhcpcsvc.DLL
0x00007ff9caff0000 - 0x00007ff9caffd000 	C:\Program Files\Android\Android Studio\jre\jre\bin\management.dll

VM Arguments:
jvm_args: -Xmx1536m -Dfile.encoding=windows-1252 -Duser.country=US -Duser.language=en -Duser.variant 
java_command: org.gradle.launcher.daemon.bootstrap.GradleDaemon 3.3
java_class_path (initial): C:\Users\Spencer\.gradle\wrapper\dists\gradle-3.3-all\55gk2rcmfc6p2dg9u9ohc3hw9\gradle-3.3\lib\gradle-launcher-3.3.jar
Launcher Type: SUN_STANDARD

Environment Variables:
PATH=C:\ProgramData\Oracle\Java\javapath;C:\WINDOWS\system32;C:\WINDOWS;C:\WINDOWS\System32\Wbem;C:\WINDOWS\System32\WindowsPowerShell\v1.0\;C:\Program Files\Java\jdk1.8.0_112\bin;C:\Program Files\MiKTeX 2.9\miktex\bin\x64\;C:\Program Files\Git\cmd;C:\Program Files (x86)\Skype\Phone\;C:\Program Files\MATLAB\R2017a\runtime\win64;C:\Program Files\MATLAB\R2017a\bin;C:\Program Files (x86)\Git\cmd;C:\Users\Spencer\AppData\Local\Programs\Python\Python35-32\Scripts\;C:\Users\Spencer\AppData\Local\Programs\Python\Python35-32\;C:\Windows\system32;C:\Windows;C:\Windows\System32\Wbem;C:\Windows\System32\WindowsPowerShell\v1.0\;C:\Program Files\Intel\WiFi\bin\;C:\Program Files\Common Files\Intel\WirelessCommon\;C:\Program Files (x86)\PharosSystems\Core;C:\Program Files\MATLAB\R2016a\runtime\win64;C:\Program Files\MATLAB\R2016a\bin;C:\Users\Spencer\AppData\Local\Programs\Python\Launcher\;C:\Python27;C:\Users\Spencer\AppData\Local\Microsoft\WindowsApps;C:\Users\Spencer\AppData\Local\atom\bin;C:\Users\Spencer\AppData\Local\GitHubDesktop\bin
USERNAME=Spencer
OS=Windows_NT
PROCESSOR_IDENTIFIER=Intel64 Family 6 Model 78 Stepping 3, GenuineIntel



---------------  S Y S T E M  ---------------

OS: Windows 10.0 , 64 bit Build 14393 (10.0.14393.1198)

CPU:total 4 (2 cores per cpu, 2 threads per core) family 6 model 78 stepping 3, cmov, cx8, fxsr, mmx, sse, sse2, sse3, ssse3, sse4.1, sse4.2, popcnt, avx, avx2, aes, clmul, erms, 3dnowpref, lzcnt, ht, tsc, tscinvbit, bmi1, bmi2, adx

Memory: 4k page, physical 8292256k(1107044k free), swap 14199068k(3980k free)

vm_info: OpenJDK 64-Bit Server VM (25.112-b06) for windows-amd64 JRE (1.8.0_112-release-b06), built on Dec  8 2016 00:54:26 by "builder" with MS VC++ 10.0 (VS2010)

time: Mon Sep 25 21:51:17 2017
elapsed time: 130 seconds (0d 0h 2m 10s)

